2025-01-19 13:08:50,199 - INFO - ==================================STARTING EXTRACT DATA=======================================
2025-01-19 13:08:50,277 - INFO - EXTRACT 'public.aircrafts' - SUCCESS.
2025-01-19 13:08:50,283 - INFO - EXTRACT 'public.airlines' - SUCCESS.
2025-01-19 13:08:50,285 - INFO - EXTRACT 'public.airports' - SUCCESS.
2025-01-19 13:08:50,292 - INFO - EXTRACT 'public.customers' - SUCCESS.
2025-01-19 13:08:50,301 - INFO - EXTRACT 'public.hotel' - SUCCESS.
2025-01-19 13:08:50,369 - INFO - EXTRACT 'public.flight_bookings' - SUCCESS.
2025-01-19 13:08:50,378 - INFO - EXTRACT 'public.hotel_bookings' - SUCCESS.
2025-01-19 13:08:50,378 - INFO - Extract All Tables From Sources - SUCCESS
2025-01-19 13:08:50,380 - INFO - ==================================ENDING EXTRACT DATA=======================================
2025-01-19 13:08:50,380 - INFO - [pid 50371] Worker Worker(salt=9868105159, workers=1, host=192.168.0.107, username=fajarianatm, pid=50371) done      Extract()
2025-01-19 13:08:50,380 - DEBUG - 1 running tasks, waiting for next task to finish
2025-01-19 13:08:50,382 - INFO - Informed scheduler that task   Extract__99914b932b   has status   DONE
2025-01-19 13:08:50,382 - DEBUG - Asking scheduler for work...
2025-01-19 13:08:50,383 - DEBUG - Pending tasks: 2
2025-01-19 13:08:50,383 - INFO - [pid 50371] Worker Worker(salt=9868105159, workers=1, host=192.168.0.107, username=fajarianatm, pid=50371) running   Load()
2025-01-19 13:08:50,385 - INFO - Read Load Query - SUCCESS!
2025-01-19 13:08:50,401 - INFO - Read Extracted Data - SUCCESS
2025-01-19 13:08:50,402 - INFO - Connect to DWH - SUCCESS
2025-01-19 13:08:50,449 - INFO - Truncate pactravel_source Schema in DWH - SUCCESS
2025-01-19 13:08:50,449 - INFO - ==================================STARTING LOAD DATA=======================================
2025-01-19 13:08:50,461 - INFO - Load aircrafts table - SUCCESS!
2025-01-19 13:08:50,489 - INFO - Load airlines table - SUCCESS!
2025-01-19 13:08:50,495 - INFO - Load airports table - SUCCESS!
2025-01-19 13:08:50,519 - INFO - Load customers table - SUCCESS!
2025-01-19 13:08:50,553 - INFO - Load hotel table - SUCCESS!
2025-01-19 13:08:50,996 - INFO - Load flight_bookings table - SUCCESS!
2025-01-19 13:08:51,007 - INFO - Load hotel_bookings table - SUCCESS!
2025-01-19 13:08:51,007 - INFO - LOAD All Tables To Pactravel DWH - SUCCESS!
2025-01-19 13:08:51,117 - INFO - LOAD All Tables To Pactravel Staging - SUCCESS
2025-01-19 13:08:51,118 - INFO - ==================================ENDING LOAD DATA=======================================
2025-01-19 13:08:51,119 - INFO - [pid 50371] Worker Worker(salt=9868105159, workers=1, host=192.168.0.107, username=fajarianatm, pid=50371) done      Load()
2025-01-19 13:08:51,119 - DEBUG - 1 running tasks, waiting for next task to finish
2025-01-19 13:08:51,121 - INFO - Informed scheduler that task   Load__99914b932b   has status   DONE
2025-01-19 13:08:51,121 - DEBUG - Asking scheduler for work...
2025-01-19 13:08:51,122 - DEBUG - Pending tasks: 1
2025-01-19 13:08:51,122 - INFO - [pid 50371] Worker Worker(salt=9868105159, workers=1, host=192.168.0.107, username=fajarianatm, pid=50371) running   Transform()
2025-01-19 13:08:51,122 - INFO - ==================================STARTING TRANSFROM DATA=======================================
[0m06:08:52  Running with dbt=1.7.8
[0m06:08:53  Installing dbt-labs/dbt_utils
[0m06:08:54  Installed from version 1.1.1
[0m06:08:54  Updated version available: 1.3.0
[0m06:08:54  Installing calogica/dbt_date
[0m06:08:54  Installed from version 0.10.0
[0m06:08:54  Updated version available: 0.10.1
[0m06:08:54  Installing Snowflake-Labs/dbt_constraints
[0m06:08:55  Installed from version 0.6.3
[0m06:08:55  Updated version available: 1.0.4
[0m06:08:55  
[0m06:08:55  Updates available for packages: ['dbt-labs/dbt_utils', 'calogica/dbt_date', 'Snowflake-Labs/dbt_constraints']                 
Update your versions in packages.yml, then run dbt deps
[0m06:08:59  Running with dbt=1.7.8
[0m06:08:59  Registered adapter: postgres=1.7.8
[0m06:08:59  Found 16 models, 2 snapshots, 1 seed, 1 operation, 59 tests, 7 sources, 0 exposures, 0 metrics, 724 macros, 0 groups, 0 semantic models
[0m06:08:59  
[0m06:08:59  Concurrency: 4 threads (target='dev')
[0m06:08:59  
[0m06:08:59  1 of 1 START seed file pactravel_final.dim_date ................................ [RUN]
[0m06:10:50  1 of 1 OK loaded seed file pactravel_final.dim_date ............................ [[32mINSERT 29220[0m in 110.82s]
[0m06:10:50  
[0m06:10:50  Running 1 on-run-end hook
[0m06:10:50  Running dbt Constraints
[0m06:10:50  Finished dbt Constraints
[0m06:10:50  1 of 1 START hook: dbt_constraints.on-run-end.0 ................................ [RUN]
[0m06:10:50  1 of 1 OK hook: dbt_constraints.on-run-end.0 ................................... [[32mOK[0m in 0.00s]
[0m06:10:50  
[0m06:10:50  
[0m06:10:50  Finished running 1 seed, 1 hook in 0 hours 1 minutes and 51.03 seconds (111.03s).
[0m06:10:50  
[0m06:10:50  [32mCompleted successfully[0m
[0m06:10:50  
[0m06:10:50  Done. PASS=1 WARN=0 ERROR=0 SKIP=0 TOTAL=1
[0m06:10:53  Running with dbt=1.7.8
[0m06:10:53  Registered adapter: postgres=1.7.8
[0m06:10:54  Found 16 models, 2 snapshots, 1 seed, 1 operation, 59 tests, 7 sources, 0 exposures, 0 metrics, 724 macros, 0 groups, 0 semantic models
[0m06:10:54  
[0m06:10:54  Concurrency: 4 threads (target='dev')
[0m06:10:54  
[0m06:10:54  1 of 16 START sql view model pactravel_final.stg_pactravel-dwh_aircrafts ....... [RUN]
[0m06:10:54  2 of 16 START sql view model pactravel_final.stg_pactravel-dwh_airlines ........ [RUN]
[0m06:10:54  3 of 16 START sql view model pactravel_final.stg_pactravel-dwh_airports ........ [RUN]
[0m06:10:54  4 of 16 START sql view model pactravel_final.stg_pactravel-dwh_customers ....... [RUN]
[0m06:10:54  2 of 16 OK created sql view model pactravel_final.stg_pactravel-dwh_airlines ... [[32mCREATE VIEW[0m in 0.16s]
[0m06:10:54  3 of 16 OK created sql view model pactravel_final.stg_pactravel-dwh_airports ... [[32mCREATE VIEW[0m in 0.16s]
[0m06:10:54  1 of 16 OK created sql view model pactravel_final.stg_pactravel-dwh_aircrafts .. [[32mCREATE VIEW[0m in 0.16s]
[0m06:10:54  4 of 16 OK created sql view model pactravel_final.stg_pactravel-dwh_customers .. [[32mCREATE VIEW[0m in 0.16s]
[0m06:10:54  5 of 16 START sql view model pactravel_final.stg_pactravel-dwh_flight-bookings . [RUN]
[0m06:10:54  6 of 16 START sql view model pactravel_final.stg_pactravel-dwh_hotel ........... [RUN]
[0m06:10:54  7 of 16 START sql view model pactravel_final.stg_pactravel-dwh_hotel-bookings .. [RUN]
[0m06:10:54  8 of 16 START sql table model pactravel_final.dim_airlines ..................... [RUN]
[0m06:10:54  6 of 16 OK created sql view model pactravel_final.stg_pactravel-dwh_hotel ...... [[32mCREATE VIEW[0m in 0.14s]
[0m06:10:54  7 of 16 OK created sql view model pactravel_final.stg_pactravel-dwh_hotel-bookings  [[32mCREATE VIEW[0m in 0.14s]
[0m06:10:54  9 of 16 START sql table model pactravel_final.dim_airports ..................... [RUN]
[0m06:10:54  10 of 16 START sql table model pactravel_final.dim_aircrafts ................... [RUN]
[0m06:10:54  5 of 16 OK created sql view model pactravel_final.stg_pactravel-dwh_flight-bookings  [[32mCREATE VIEW[0m in 0.15s]
[0m06:10:54  11 of 16 START sql table model pactravel_final.dim_customers ................... [RUN]
[0m06:10:54  8 of 16 OK created sql table model pactravel_final.dim_airlines ................ [[32mSELECT 1251[0m in 0.19s]
[0m06:10:54  12 of 16 START sql table model pactravel_final.dim_hotel ....................... [RUN]
[0m06:10:54  10 of 16 OK created sql table model pactravel_final.dim_aircrafts .............. [[32mSELECT 246[0m in 0.11s]
[0m06:10:54  9 of 16 OK created sql table model pactravel_final.dim_airports ................ [[32mSELECT 105[0m in 0.12s]
[0m06:10:54  13 of 16 START sql table model pactravel_final.fct_flight_price_trends ......... [RUN]
[0m06:10:54  11 of 16 OK created sql table model pactravel_final.dim_customers .............. [[32mSELECT 1000[0m in 0.12s]
[0m06:10:54  14 of 16 START sql table model pactravel_final.fct_flight_bookings ............. [RUN]
[0m06:10:54  12 of 16 OK created sql table model pactravel_final.dim_hotel .................. [[32mSELECT 1470[0m in 0.10s]
[0m06:10:54  15 of 16 START sql table model pactravel_final.fct_hotel_bookings .............. [RUN]
[0m06:10:54  16 of 16 START sql table model pactravel_final.fct_hotel_price_trends .......... [RUN]
[0m06:10:54  16 of 16 OK created sql table model pactravel_final.fct_hotel_price_trends ..... [[32mSELECT 209[0m in 0.17s]
[0m06:10:54  14 of 16 OK created sql table model pactravel_final.fct_flight_bookings ........ [[32mSELECT 8190[0m in 0.19s]
[0m06:10:54  13 of 16 OK created sql table model pactravel_final.fct_flight_price_trends .... [[32mSELECT 8190[0m in 0.20s]
[0m06:10:55  15 of 16 OK created sql table model pactravel_final.fct_hotel_bookings ......... [[32mSELECT 217[0m in 0.46s]
[0m06:10:55  
[0m06:10:55  Running 1 on-run-end hook
[0m06:10:55  Running dbt Constraints
[0m06:10:55  Finished dbt Constraints
[0m06:10:55  1 of 1 START hook: dbt_constraints.on-run-end.0 ................................ [RUN]
[0m06:10:55  1 of 1 OK hook: dbt_constraints.on-run-end.0 ................................... [[32mOK[0m in 0.00s]
[0m06:10:55  
[0m06:10:55  
[0m06:10:55  Finished running 7 view models, 9 table models, 1 hook in 0 hours 0 minutes and 1.12 seconds (1.12s).
[0m06:10:55  
[0m06:10:55  [32mCompleted successfully[0m
[0m06:10:55  
[0m06:10:55  Done. PASS=16 WARN=0 ERROR=0 SKIP=0 TOTAL=16
[0m06:10:57  Running with dbt=1.7.8
[0m06:10:58  Registered adapter: postgres=1.7.8
[0m06:10:58  Found 16 models, 2 snapshots, 1 seed, 1 operation, 59 tests, 7 sources, 0 exposures, 0 metrics, 724 macros, 0 groups, 0 semantic models
[0m06:10:58  
[0m06:10:58  Concurrency: 4 threads (target='dev')
[0m06:10:58  
[0m06:10:58  1 of 2 START snapshot pactravel_snapshots.customer_snapshot .................... [RUN]
[0m06:10:58  2 of 2 START snapshot pactravel_snapshots.hotel_snapshot ....................... [RUN]
[0m06:10:58  1 of 2 OK snapshotted pactravel_snapshots.customer_snapshot .................... [[32mINSERT 0 0[0m in 0.20s]
[0m06:10:58  2 of 2 OK snapshotted pactravel_snapshots.hotel_snapshot ....................... [[32mINSERT 0 0[0m in 0.20s]
[0m06:10:58  
[0m06:10:58  Running 1 on-run-end hook
[0m06:10:58  Running dbt Constraints
[0m06:10:58  Finished dbt Constraints
[0m06:10:58  1 of 1 START hook: dbt_constraints.on-run-end.0 ................................ [RUN]
[0m06:10:58  1 of 1 OK hook: dbt_constraints.on-run-end.0 ................................... [[32mOK[0m in 0.00s]
[0m06:10:58  
[0m06:10:58  
[0m06:10:58  Finished running 2 snapshots, 1 hook in 0 hours 0 minutes and 0.35 seconds (0.35s).
[0m06:10:58  
[0m06:10:58  [32mCompleted successfully[0m
[0m06:10:58  
[0m06:10:58  Done. PASS=2 WARN=0 ERROR=0 SKIP=0 TOTAL=2
[0m06:11:01  Running with dbt=1.7.8
[0m06:11:01  Registered adapter: postgres=1.7.8
[0m06:11:01  Found 16 models, 2 snapshots, 1 seed, 1 operation, 59 tests, 7 sources, 0 exposures, 0 metrics, 724 macros, 0 groups, 0 semantic models
[0m06:11:01  
[0m06:11:01  Concurrency: 4 threads (target='dev')
[0m06:11:01  
[0m06:11:01  1 of 59 START test dbt_constraints_foreign_key_fct_flight_bookings_aircraft_id__aircraft_id__ref_dim_aircrafts_  [RUN]
[0m06:11:01  2 of 59 START test dbt_constraints_foreign_key_fct_flight_bookings_airline_id__airline_id__ref_dim_airlines_  [RUN]
[0m06:11:01  3 of 59 START test dbt_constraints_foreign_key_fct_flight_bookings_airport_dst__airport_id__ref_dim_airports_  [RUN]
[0m06:11:01  4 of 59 START test dbt_constraints_foreign_key_fct_flight_bookings_airport_src__airport_id__ref_dim_airports_  [RUN]
[0m06:11:01  3 of 59 PASS dbt_constraints_foreign_key_fct_flight_bookings_airport_dst__airport_id__ref_dim_airports_  [[32mPASS[0m in 0.08s]
[0m06:11:01  2 of 59 PASS dbt_constraints_foreign_key_fct_flight_bookings_airline_id__airline_id__ref_dim_airlines_  [[32mPASS[0m in 0.08s]
[0m06:11:01  1 of 59 PASS dbt_constraints_foreign_key_fct_flight_bookings_aircraft_id__aircraft_id__ref_dim_aircrafts_  [[32mPASS[0m in 0.08s]
[0m06:11:01  4 of 59 PASS dbt_constraints_foreign_key_fct_flight_bookings_airport_src__airport_id__ref_dim_airports_  [[32mPASS[0m in 0.08s]
[0m06:11:01  5 of 59 START test dbt_constraints_foreign_key_fct_flight_bookings_customer_id__customer_id__ref_dim_customers_  [RUN]
[0m06:11:01  6 of 59 START test dbt_constraints_foreign_key_fct_flight_bookings_departure_date__date_id__ref_dim_date_  [RUN]
[0m06:11:01  7 of 59 START test dbt_constraints_foreign_key_fct_flight_price_trends_date_id__date_id__ref_dim_date_  [RUN]
[0m06:11:01  8 of 59 START test dbt_constraints_foreign_key_fct_hotel_bookings_check_in_date__date_id__ref_dim_date_  [RUN]
[0m06:11:01  5 of 59 PASS dbt_constraints_foreign_key_fct_flight_bookings_customer_id__customer_id__ref_dim_customers_  [[32mPASS[0m in 0.05s]
[0m06:11:01  8 of 59 PASS dbt_constraints_foreign_key_fct_hotel_bookings_check_in_date__date_id__ref_dim_date_  [[32mPASS[0m in 0.05s]
[0m06:11:01  9 of 59 START test dbt_constraints_foreign_key_fct_hotel_bookings_check_out_date__date_id__ref_dim_date_  [RUN]
[0m06:11:01  7 of 59 PASS dbt_constraints_foreign_key_fct_flight_price_trends_date_id__date_id__ref_dim_date_  [[32mPASS[0m in 0.05s]
[0m06:11:01  6 of 59 PASS dbt_constraints_foreign_key_fct_flight_bookings_departure_date__date_id__ref_dim_date_  [[32mPASS[0m in 0.05s]
[0m06:11:01  10 of 59 START test dbt_constraints_foreign_key_fct_hotel_bookings_customer_id__customer_id__ref_dim_customers_  [RUN]
[0m06:11:01  11 of 59 START test dbt_constraints_foreign_key_fct_hotel_bookings_hotel_id__hotel_id__ref_dim_hotel_  [RUN]
[0m06:11:01  12 of 59 START test dbt_constraints_foreign_key_fct_hotel_price_trends_city__city__ref_dim_hotel_  [RUN]
[0m06:11:01  11 of 59 PASS dbt_constraints_foreign_key_fct_hotel_bookings_hotel_id__hotel_id__ref_dim_hotel_  [[32mPASS[0m in 0.06s]
[0m06:11:01  10 of 59 PASS dbt_constraints_foreign_key_fct_hotel_bookings_customer_id__customer_id__ref_dim_customers_  [[32mPASS[0m in 0.06s]
[0m06:11:01  9 of 59 PASS dbt_constraints_foreign_key_fct_hotel_bookings_check_out_date__date_id__ref_dim_date_  [[32mPASS[0m in 0.07s]
[0m06:11:01  12 of 59 PASS dbt_constraints_foreign_key_fct_hotel_price_trends_city__city__ref_dim_hotel_  [[32mPASS[0m in 0.06s]
[0m06:11:01  13 of 59 START test dbt_constraints_foreign_key_fct_hotel_price_trends_date_id__date_id__ref_dim_date_  [RUN]
[0m06:11:01  14 of 59 START test dbt_constraints_primary_key_dim_aircrafts_aircraft_id ...... [RUN]
[0m06:11:01  15 of 59 START test dbt_constraints_primary_key_dim_airlines_airline_id ........ [RUN]
[0m06:11:01  16 of 59 START test dbt_constraints_primary_key_dim_airports_airport_id ........ [RUN]
[0m06:11:02  16 of 59 PASS dbt_constraints_primary_key_dim_airports_airport_id .............. [[32mPASS[0m in 0.08s]
[0m06:11:02  14 of 59 PASS dbt_constraints_primary_key_dim_aircrafts_aircraft_id ............ [[32mPASS[0m in 0.08s]
[0m06:11:02  15 of 59 PASS dbt_constraints_primary_key_dim_airlines_airline_id .............. [[32mPASS[0m in 0.08s]
[0m06:11:02  13 of 59 PASS dbt_constraints_foreign_key_fct_hotel_price_trends_date_id__date_id__ref_dim_date_  [[32mPASS[0m in 0.08s]
[0m06:11:02  17 of 59 START test dbt_constraints_primary_key_dim_customers_customer_id ...... [RUN]
[0m06:11:02  18 of 59 START test dbt_constraints_primary_key_dim_date_date_id ............... [RUN]
[0m06:11:02  19 of 59 START test dbt_constraints_primary_key_dim_hotel_hotel_id ............. [RUN]
[0m06:11:02  20 of 59 START test dbt_constraints_primary_key_fct_flight_bookings_flight_booking_id  [RUN]
[0m06:11:02  19 of 59 PASS dbt_constraints_primary_key_dim_hotel_hotel_id ................... [[32mPASS[0m in 0.05s]
[0m06:11:02  20 of 59 PASS dbt_constraints_primary_key_fct_flight_bookings_flight_booking_id  [[32mPASS[0m in 0.05s]
[0m06:11:02  17 of 59 PASS dbt_constraints_primary_key_dim_customers_customer_id ............ [[32mPASS[0m in 0.05s]
[0m06:11:02  21 of 59 START test dbt_constraints_primary_key_fct_flight_price_trends_flight_price_trend_id  [RUN]
[0m06:11:02  22 of 59 START test dbt_constraints_primary_key_fct_hotel_bookings_hotel_booking_id  [RUN]
[0m06:11:02  23 of 59 START test dbt_constraints_primary_key_fct_hotel_price_trends_hotel_price_trend_id  [RUN]
[0m06:11:02  18 of 59 PASS dbt_constraints_primary_key_dim_date_date_id ..................... [[32mPASS[0m in 0.05s]
[0m06:11:02  24 of 59 START test not_null_dim_aircrafts_aircraft_id ......................... [RUN]
[0m06:11:02  22 of 59 PASS dbt_constraints_primary_key_fct_hotel_bookings_hotel_booking_id .. [[32mPASS[0m in 0.04s]
[0m06:11:02  25 of 59 START test not_null_dim_aircrafts_aircraft_nk ......................... [RUN]
[0m06:11:02  21 of 59 PASS dbt_constraints_primary_key_fct_flight_price_trends_flight_price_trend_id  [[32mPASS[0m in 0.05s]
[0m06:11:02  26 of 59 START test not_null_dim_airlines_airline_id ........................... [RUN]
[0m06:11:02  23 of 59 PASS dbt_constraints_primary_key_fct_hotel_price_trends_hotel_price_trend_id  [[32mPASS[0m in 0.05s]
[0m06:11:02  24 of 59 PASS not_null_dim_aircrafts_aircraft_id ............................... [[32mPASS[0m in 0.04s]
[0m06:11:02  27 of 59 START test not_null_dim_airlines_airline_nk ........................... [RUN]
[0m06:11:02  28 of 59 START test not_null_dim_airports_airport_id ........................... [RUN]
[0m06:11:02  25 of 59 PASS not_null_dim_aircrafts_aircraft_nk ............................... [[32mPASS[0m in 0.04s]
[0m06:11:02  29 of 59 START test not_null_dim_airports_airport_nk ........................... [RUN]
[0m06:11:02  28 of 59 PASS not_null_dim_airports_airport_id ................................. [[32mPASS[0m in 0.04s]
[0m06:11:02  27 of 59 PASS not_null_dim_airlines_airline_nk ................................. [[32mPASS[0m in 0.04s]
[0m06:11:02  26 of 59 PASS not_null_dim_airlines_airline_id ................................. [[32mPASS[0m in 0.05s]
[0m06:11:02  30 of 59 START test not_null_dim_customers_customer_id ......................... [RUN]
[0m06:11:02  31 of 59 START test not_null_dim_customers_customer_nk ......................... [RUN]
[0m06:11:02  32 of 59 START test not_null_dim_date_date_id .................................. [RUN]
[0m06:11:02  29 of 59 PASS not_null_dim_airports_airport_nk ................................. [[32mPASS[0m in 0.04s]
[0m06:11:02  33 of 59 START test not_null_dim_hotel_hotel_id ................................ [RUN]
[0m06:11:02  30 of 59 PASS not_null_dim_customers_customer_id ............................... [[32mPASS[0m in 0.04s]
[0m06:11:02  32 of 59 PASS not_null_dim_date_date_id ........................................ [[32mPASS[0m in 0.04s]
[0m06:11:02  31 of 59 PASS not_null_dim_customers_customer_nk ............................... [[32mPASS[0m in 0.04s]
[0m06:11:02  34 of 59 START test not_null_dim_hotel_hotel_nk ................................ [RUN]
[0m06:11:02  35 of 59 START test not_null_fct_flight_bookings_aircraft_id ................... [RUN]
[0m06:11:02  36 of 59 START test not_null_fct_flight_bookings_airline_id .................... [RUN]
[0m06:11:02  33 of 59 PASS not_null_dim_hotel_hotel_id ...................................... [[32mPASS[0m in 0.03s]
[0m06:11:02  37 of 59 START test not_null_fct_flight_bookings_airport_dst ................... [RUN]
[0m06:11:02  34 of 59 PASS not_null_dim_hotel_hotel_nk ...................................... [[32mPASS[0m in 0.04s]
[0m06:11:02  38 of 59 START test not_null_fct_flight_bookings_airport_src ................... [RUN]
[0m06:11:02  36 of 59 PASS not_null_fct_flight_bookings_airline_id .......................... [[32mPASS[0m in 0.04s]
[0m06:11:02  37 of 59 PASS not_null_fct_flight_bookings_airport_dst ......................... [[32mPASS[0m in 0.03s]
[0m06:11:02  35 of 59 PASS not_null_fct_flight_bookings_aircraft_id ......................... [[32mPASS[0m in 0.05s]
[0m06:11:02  39 of 59 START test not_null_fct_flight_bookings_customer_id ................... [RUN]
[0m06:11:02  40 of 59 START test not_null_fct_flight_bookings_departure_date ................ [RUN]
[0m06:11:02  41 of 59 START test not_null_fct_flight_bookings_flight_booking_id ............. [RUN]
[0m06:11:02  38 of 59 PASS not_null_fct_flight_bookings_airport_src ......................... [[32mPASS[0m in 0.04s]
[0m06:11:02  42 of 59 START test not_null_fct_flight_price_trends_date_id ................... [RUN]
[0m06:11:02  39 of 59 PASS not_null_fct_flight_bookings_customer_id ......................... [[32mPASS[0m in 0.04s]
[0m06:11:02  41 of 59 PASS not_null_fct_flight_bookings_flight_booking_id ................... [[32mPASS[0m in 0.04s]
[0m06:11:02  43 of 59 START test not_null_fct_flight_price_trends_flight_price_trend_id ..... [RUN]
[0m06:11:02  40 of 59 PASS not_null_fct_flight_bookings_departure_date ...................... [[32mPASS[0m in 0.05s]
[0m06:11:02  44 of 59 START test not_null_fct_flight_price_trends_max_price ................. [RUN]
[0m06:11:02  45 of 59 START test not_null_fct_flight_price_trends_median_price .............. [RUN]
[0m06:11:02  42 of 59 PASS not_null_fct_flight_price_trends_date_id ......................... [[32mPASS[0m in 0.04s]
[0m06:11:02  46 of 59 START test not_null_fct_flight_price_trends_min_price ................. [RUN]
[0m06:11:02  44 of 59 PASS not_null_fct_flight_price_trends_max_price ....................... [[32mPASS[0m in 0.04s]
[0m06:11:02  45 of 59 PASS not_null_fct_flight_price_trends_median_price .................... [[32mPASS[0m in 0.04s]
[0m06:11:02  43 of 59 PASS not_null_fct_flight_price_trends_flight_price_trend_id ........... [[32mPASS[0m in 0.05s]
[0m06:11:02  47 of 59 START test not_null_fct_flight_price_trends_price_range ............... [RUN]
[0m06:11:02  48 of 59 START test not_null_fct_hotel_bookings_check_in_date .................. [RUN]
[0m06:11:02  49 of 59 START test not_null_fct_hotel_bookings_check_out_date ................. [RUN]
[0m06:11:02  46 of 59 PASS not_null_fct_flight_price_trends_min_price ....................... [[32mPASS[0m in 0.04s]
[0m06:11:02  50 of 59 START test not_null_fct_hotel_bookings_customer_id .................... [RUN]
[0m06:11:02  49 of 59 PASS not_null_fct_hotel_bookings_check_out_date ....................... [[32mPASS[0m in 0.04s]
[0m06:11:02  48 of 59 PASS not_null_fct_hotel_bookings_check_in_date ........................ [[32mPASS[0m in 0.04s]
[0m06:11:02  47 of 59 PASS not_null_fct_flight_price_trends_price_range ..................... [[32mPASS[0m in 0.04s]
[0m06:11:02  51 of 59 START test not_null_fct_hotel_bookings_hotel_booking_id ............... [RUN]
[0m06:11:02  52 of 59 START test not_null_fct_hotel_bookings_hotel_id ....................... [RUN]
[0m06:11:02  53 of 59 START test not_null_fct_hotel_price_trends_city ....................... [RUN]
[0m06:11:02  50 of 59 PASS not_null_fct_hotel_bookings_customer_id .......................... [[32mPASS[0m in 0.03s]
[0m06:11:02  54 of 59 START test not_null_fct_hotel_price_trends_date_id .................... [RUN]
[0m06:11:02  51 of 59 PASS not_null_fct_hotel_bookings_hotel_booking_id ..................... [[32mPASS[0m in 0.04s]
[0m06:11:02  55 of 59 START test not_null_fct_hotel_price_trends_hotel_price_trend_id ....... [RUN]
[0m06:11:02  52 of 59 PASS not_null_fct_hotel_bookings_hotel_id ............................. [[32mPASS[0m in 0.04s]
[0m06:11:02  53 of 59 PASS not_null_fct_hotel_price_trends_city ............................. [[32mPASS[0m in 0.04s]
[0m06:11:02  56 of 59 START test not_null_fct_hotel_price_trends_max_price .................. [RUN]
[0m06:11:02  57 of 59 START test not_null_fct_hotel_price_trends_median_price ............... [RUN]
[0m06:11:02  54 of 59 PASS not_null_fct_hotel_price_trends_date_id .......................... [[32mPASS[0m in 0.03s]
[0m06:11:02  58 of 59 START test not_null_fct_hotel_price_trends_min_price .................. [RUN]
[0m06:11:02  55 of 59 PASS not_null_fct_hotel_price_trends_hotel_price_trend_id ............. [[32mPASS[0m in 0.04s]
[0m06:11:02  59 of 59 START test not_null_fct_hotel_price_trends_price_range ................ [RUN]
[0m06:11:02  56 of 59 PASS not_null_fct_hotel_price_trends_max_price ........................ [[32mPASS[0m in 0.04s]
[0m06:11:02  58 of 59 PASS not_null_fct_hotel_price_trends_min_price ........................ [[32mPASS[0m in 0.04s]
[0m06:11:02  57 of 59 PASS not_null_fct_hotel_price_trends_median_price ..................... [[32mPASS[0m in 0.05s]
[0m06:11:02  59 of 59 PASS not_null_fct_hotel_price_trends_price_range ...................... [[32mPASS[0m in 0.02s]
[0m06:11:02  
[0m06:11:02  Running 1 on-run-end hook
[0m06:11:02  Running dbt Constraints
[0m06:11:02  Creating not null constraint for: aircraft_id in "pactravel-dwh"."pactravel_final"."dim_aircrafts"
[0m06:11:02  Creating not null constraint for: aircraft_nk in "pactravel-dwh"."pactravel_final"."dim_aircrafts"
[0m06:11:02  Creating not null constraint for: airport_id in "pactravel-dwh"."pactravel_final"."dim_airports"
[0m06:11:02  Creating not null constraint for: airline_nk in "pactravel-dwh"."pactravel_final"."dim_airlines"
[0m06:11:02  Creating not null constraint for: airline_id in "pactravel-dwh"."pactravel_final"."dim_airlines"
[0m06:11:02  Creating not null constraint for: airport_nk in "pactravel-dwh"."pactravel_final"."dim_airports"
[0m06:11:02  Creating not null constraint for: customer_id in "pactravel-dwh"."pactravel_final"."dim_customers"
[0m06:11:02  Creating not null constraint for: date_id in "pactravel-dwh"."pactravel_final"."dim_date"
[0m06:11:02  Creating not null constraint for: customer_nk in "pactravel-dwh"."pactravel_final"."dim_customers"
[0m06:11:02  Creating not null constraint for: hotel_id in "pactravel-dwh"."pactravel_final"."dim_hotel"
[0m06:11:02  Creating not null constraint for: hotel_nk in "pactravel-dwh"."pactravel_final"."dim_hotel"
[0m06:11:02  Creating not null constraint for: airline_id in "pactravel-dwh"."pactravel_final"."fct_flight_bookings"
[0m06:11:02  Creating not null constraint for: airport_dst in "pactravel-dwh"."pactravel_final"."fct_flight_bookings"
[0m06:11:02  Creating not null constraint for: aircraft_id in "pactravel-dwh"."pactravel_final"."fct_flight_bookings"
[0m06:11:02  Creating not null constraint for: airport_src in "pactravel-dwh"."pactravel_final"."fct_flight_bookings"
[0m06:11:02  Creating not null constraint for: customer_id in "pactravel-dwh"."pactravel_final"."fct_flight_bookings"
[0m06:11:02  Creating not null constraint for: flight_booking_id in "pactravel-dwh"."pactravel_final"."fct_flight_bookings"
[0m06:11:02  Creating not null constraint for: departure_date in "pactravel-dwh"."pactravel_final"."fct_flight_bookings"
[0m06:11:02  Creating not null constraint for: date_id in "pactravel-dwh"."pactravel_final"."fct_flight_price_trends"
[0m06:11:02  Creating not null constraint for: max_price in "pactravel-dwh"."pactravel_final"."fct_flight_price_trends"
[0m06:11:02  Creating not null constraint for: median_price in "pactravel-dwh"."pactravel_final"."fct_flight_price_trends"
[0m06:11:02  Creating not null constraint for: flight_price_trend_id in "pactravel-dwh"."pactravel_final"."fct_flight_price_trends"
[0m06:11:02  Creating not null constraint for: min_price in "pactravel-dwh"."pactravel_final"."fct_flight_price_trends"
[0m06:11:02  Creating not null constraint for: check_out_date in "pactravel-dwh"."pactravel_final"."fct_hotel_bookings"
[0m06:11:02  Creating not null constraint for: check_in_date in "pactravel-dwh"."pactravel_final"."fct_hotel_bookings"
[0m06:11:02  Creating not null constraint for: price_range in "pactravel-dwh"."pactravel_final"."fct_flight_price_trends"
[0m06:11:02  Creating not null constraint for: customer_id in "pactravel-dwh"."pactravel_final"."fct_hotel_bookings"
[0m06:11:02  Creating not null constraint for: hotel_booking_id in "pactravel-dwh"."pactravel_final"."fct_hotel_bookings"
[0m06:11:02  Creating not null constraint for: hotel_id in "pactravel-dwh"."pactravel_final"."fct_hotel_bookings"
[0m06:11:02  Creating not null constraint for: city in "pactravel-dwh"."pactravel_final"."fct_hotel_price_trends"
[0m06:11:02  Creating not null constraint for: date_id in "pactravel-dwh"."pactravel_final"."fct_hotel_price_trends"
[0m06:11:02  Creating not null constraint for: hotel_price_trend_id in "pactravel-dwh"."pactravel_final"."fct_hotel_price_trends"
[0m06:11:02  Creating not null constraint for: max_price in "pactravel-dwh"."pactravel_final"."fct_hotel_price_trends"
[0m06:11:02  Creating not null constraint for: min_price in "pactravel-dwh"."pactravel_final"."fct_hotel_price_trends"
[0m06:11:02  Creating not null constraint for: median_price in "pactravel-dwh"."pactravel_final"."fct_hotel_price_trends"
[0m06:11:02  Creating not null constraint for: price_range in "pactravel-dwh"."pactravel_final"."fct_hotel_price_trends"
[0m06:11:02  Creating not null constraint for: airport_id in "pactravel-dwh"."pactravel_final"."dim_airports"
[0m06:11:02  Creating primary key: DIM_AIRPORTS_AIRPORT_ID_PK
[0m06:11:02  Creating not null constraint for: aircraft_id in "pactravel-dwh"."pactravel_final"."dim_aircrafts"
[0m06:11:02  Creating primary key: DIM_AIRCRAFTS_AIRCRAFT_ID_PK
[0m06:11:02  Creating not null constraint for: airline_id in "pactravel-dwh"."pactravel_final"."dim_airlines"
[0m06:11:02  Creating primary key: DIM_AIRLINES_AIRLINE_ID_PK
[0m06:11:02  Creating not null constraint for: hotel_id in "pactravel-dwh"."pactravel_final"."dim_hotel"
[0m06:11:02  Creating primary key: DIM_HOTEL_HOTEL_ID_PK
[0m06:11:02  Creating not null constraint for: flight_booking_id in "pactravel-dwh"."pactravel_final"."fct_flight_bookings"
[0m06:11:02  Creating primary key: FCT_FLIGHT_BOOKINGS_FLIGHT_BOOKING_ID_PK
[0m06:11:03  Creating not null constraint for: customer_id in "pactravel-dwh"."pactravel_final"."dim_customers"
[0m06:11:03  Creating primary key: DIM_CUSTOMERS_CUSTOMER_ID_PK
[0m06:11:03  Creating not null constraint for: date_id in "pactravel-dwh"."pactravel_final"."dim_date"
[0m06:11:03  Creating primary key: DIM_DATE_DATE_ID_PK
[0m06:11:03  Creating not null constraint for: hotel_booking_id in "pactravel-dwh"."pactravel_final"."fct_hotel_bookings"
[0m06:11:03  Creating primary key: FCT_HOTEL_BOOKINGS_HOTEL_BOOKING_ID_PK
[0m06:11:03  Creating not null constraint for: flight_price_trend_id in "pactravel-dwh"."pactravel_final"."fct_flight_price_trends"
[0m06:11:03  Creating primary key: FCT_FLIGHT_PRICE_TRENDS_FLIGHT_PRICE_TREND_ID_PK
[0m06:11:03  Creating not null constraint for: hotel_price_trend_id in "pactravel-dwh"."pactravel_final"."fct_hotel_price_trends"
[0m06:11:03  Creating primary key: FCT_HOTEL_PRICE_TRENDS_HOTEL_PRICE_TREND_ID_PK
[0m06:11:03  Creating foreign key: FCT_FLIGHT_BOOKINGS_AIRPORT_DST_FK referencing dim_airports ['airport_id']
[0m06:11:03  Creating foreign key: FCT_FLIGHT_BOOKINGS_AIRLINE_ID_FK referencing dim_airlines ['airline_id']
[0m06:11:03  Creating foreign key: FCT_FLIGHT_BOOKINGS_AIRCRAFT_ID_FK referencing dim_aircrafts ['aircraft_id']
[0m06:11:03  Creating foreign key: FCT_FLIGHT_BOOKINGS_AIRPORT_SRC_FK referencing dim_airports ['airport_id']
[0m06:11:03  Creating foreign key: FCT_FLIGHT_BOOKINGS_CUSTOMER_ID_FK referencing dim_customers ['customer_id']
[0m06:11:03  Creating foreign key: FCT_HOTEL_BOOKINGS_CHECK_IN_DATE_FK referencing dim_date ['date_id']
[0m06:11:03  Creating foreign key: FCT_FLIGHT_PRICE_TRENDS_DATE_ID_FK referencing dim_date ['date_id']
[0m06:11:03  Creating foreign key: FCT_FLIGHT_BOOKINGS_DEPARTURE_DATE_FK referencing dim_date ['date_id']
[0m06:11:03  Creating foreign key: FCT_HOTEL_BOOKINGS_HOTEL_ID_FK referencing dim_hotel ['hotel_id']
[0m06:11:03  Creating foreign key: FCT_HOTEL_BOOKINGS_CUSTOMER_ID_FK referencing dim_customers ['customer_id']
[0m06:11:03  Creating foreign key: FCT_HOTEL_BOOKINGS_CHECK_OUT_DATE_FK referencing dim_date ['date_id']
[0m06:11:03  Skipping FCT_HOTEL_PRICE_TRENDS_CITY_FK because a PK/UK was not found on the PK table: "pactravel-dwh"."pactravel_final"."dim_hotel" ['city']
[0m06:11:03  Creating foreign key: FCT_HOTEL_PRICE_TRENDS_DATE_ID_FK referencing dim_date ['date_id']
[0m06:11:03  Finished dbt Constraints
[0m06:11:03  1 of 1 START hook: dbt_constraints.on-run-end.0 ................................ [RUN]
[0m06:11:03  1 of 1 OK hook: dbt_constraints.on-run-end.0 ................................... [[32mOK[0m in 0.00s]
[0m06:11:03  
[0m06:11:03  
[0m06:11:03  Finished running 59 tests, 1 hook in 0 hours 0 minutes and 1.67 seconds (1.67s).
[0m06:11:03  
[0m06:11:03  [32mCompleted successfully[0m
[0m06:11:03  
[0m06:11:03  Done. PASS=59 WARN=0 ERROR=0 SKIP=0 TOTAL=59
2025-01-19 13:11:04,999 - INFO - ==================================ENDING TRANSFROM DATA=======================================
2025-01-19 13:11:04,999 - INFO - [pid 50371] Worker Worker(salt=9868105159, workers=1, host=192.168.0.107, username=fajarianatm, pid=50371) done      Transform()
2025-01-19 13:11:04,999 - DEBUG - 1 running tasks, waiting for next task to finish
2025-01-19 13:11:05,002 - INFO - Informed scheduler that task   Transform__99914b932b   has status   DONE
2025-01-19 13:11:05,002 - DEBUG - Asking scheduler for work...
2025-01-19 13:11:05,003 - DEBUG - Done
2025-01-19 13:11:05,003 - DEBUG - There are no more tasks to run at this time
2025-01-19 13:11:05,003 - INFO - Worker Worker(salt=9868105159, workers=1, host=192.168.0.107, username=fajarianatm, pid=50371) was stopped. Shutting down Keep-Alive thread
2025-01-19 13:11:05,004 - INFO - 
===== Luigi Execution Summary =====

Scheduled 3 tasks of which:
* 3 ran successfully:
    - 1 Extract()
    - 1 Load()
    - 1 Transform()

This progress looks :) because there were no failed tasks or missing dependencies

===== Luigi Execution Summary =====

